<?xml version="1.0" encoding="UTF-8"?>
<testsuite xmlns:xsi="http://www.w3.org/2001/XMLSchema-instance" xsi:noNamespaceSchemaLocation="https://maven.apache.org/surefire/maven-surefire-plugin/xsd/surefire-test-report-3.0.xsd" version="3.0" name="runner.TestRunner" time="33.873" tests="14" errors="0" skipped="0" failures="0">
  <properties>
[...]
</properties>
  <testcase name="When user enter username as &quot;Admin&quot; login page" classname="Scenario: Verify user able to login" time="0.001">
    <system-out><![CDATA[Feature: My Info Employement Details Feature
Tags : [@CUCUMBER-11]
Scenario Name : Verify user able to login
STEP - Open Chrome Browser
*************null
STEP - Enter url
]]></system-out>
    <system-err><![CDATA[SLF4J: Failed to load class "org.slf4j.impl.StaticLoggerBinder".
SLF4J: Defaulting to no-operation (NOP) logger implementation
SLF4J: See http://www.slf4j.org/codes.html#StaticLoggerBinder for further details.
Starting ChromeDriver 96.0.4664.45 (76e4c1bb2ab4671b8beba3444e61c0f17584b2fc-refs/branch-heads/4664@{#947}) on port 38192
Only local connections are allowed.
Please see https://chromedriver.chromium.org/security-considerations for suggestions on keeping ChromeDriver safe.
ChromeDriver was started successfully.
Dec 14, 2021 6:09:37 PM org.openqa.selenium.remote.ProtocolHandshake createSession
INFO: Detected dialect: W3C
]]></system-err>
  </testcase>
  <testcase name="And user enter password as &quot;U@h10IOYrn&quot; login page" classname="Scenario: Verify user able to login" time="0"/>
  <testcase name="And user click on login button on login page" classname="Scenario: Verify user able to login" time="0"/>
  <testcase name="Then user should navigate to dashboard page" classname="Scenario: Verify user able to login" time="0"/>
  <testcase name="" classname="Scenario: Verify user able to login" time="0.001"/>
  <testcase name="Given User landing on dashboard page" classname="Scenario: Validate the My info-Employement details Feature" time="0">
    <system-out><![CDATA[Tags : [@Cucumber-12]
Scenario Name : Validate the My info-Employement details Feature

  @CUCUMBER-11
  Scenario: Verify user able to login                  # loginfeature/MyInfoFeature.feature:4
    When user enter username as "Admin" login page     # LoginSteps.user_enter_username_as_login_page(String)
    And user enter password as "U@h10IOYrn" login page # LoginSteps.user_enter_password_as_login_page(String)
    And user click on login button on login page       # LoginSteps.user_click_on_login_button_on_login_page()
    Then user should navigate to dashboard page        # DashboardSteps.user_should_navigate_to_dashboard_page()
]]></system-out>
  </testcase>
  <testcase name="When User clicks on My Info link" classname="Scenario: Validate the My info-Employement details Feature" time="0"/>
  <testcase name="Then Validate that user redirects to My Info Page" classname="Scenario: Validate the My info-Employement details Feature" time="0"/>
  <testcase name="And Validate profile pic" classname="Scenario: Validate the My info-Employement details Feature" time="0.001"/>
  <testcase name="And Validate the Employee Name" classname="Scenario: Validate the My info-Employement details Feature" time="0"/>
  <testcase name="And Validate Job Title" classname="Scenario: Validate the My info-Employement details Feature" time="0"/>
  <testcase name="When User click on Job link" classname="Scenario: Validate the My info-Employement details Feature" time="0"/>
  <testcase name="Then User should view employement details" classname="Scenario: Validate the My info-Employement details Feature" time="0"/>
  <testcase name="" classname="Scenario: Validate the My info-Employement details Feature" time="0"/>
</testsuite>